{"/var/www/html/ctvapp/src/components/HeroBanner/index.tsx": {"path":"/var/www/html/ctvapp/src/components/HeroBanner/index.tsx","statementMap":{"0":{"start":{"line":11,"column":46},"end":{"line":31,"column":1}},"1":{"start":{"line":21,"column":2},"end":{"line":30,"column":4}},"2":{"start":{"line":33,"column":18},"end":{"line":44,"column":1}},"3":{"start":{"line":39,"column":4},"end":{"line":39,"column":60}},"4":{"start":{"line":43,"column":41},"end":{"line":43,"column":61}},"5":{"start":{"line":46,"column":24},"end":{"line":50,"column":1}},"6":{"start":{"line":52,"column":16},"end":{"line":60,"column":1}},"7":{"start":{"line":62,"column":14},"end":{"line":65,"column":1}},"8":{"start":{"line":67,"column":20},"end":{"line":71,"column":1}},"9":{"start":{"line":73,"column":19},"end":{"line":87,"column":1}},"10":{"start":{"line":76,"column":37},"end":{"line":76,"column":57}},"11":{"start":{"line":81,"column":41},"end":{"line":81,"column":61}},"12":{"start":{"line":85,"column":39},"end":{"line":85,"column":64}}},"fnMap":{"0":{"name":"(anonymous_0)","decl":{"start":{"line":11,"column":46},"end":{"line":11,"column":47}},"loc":{"start":{"line":20,"column":6},"end":{"line":31,"column":1}},"line":20},"1":{"name":"(anonymous_1)","decl":{"start":{"line":38,"column":12},"end":{"line":38,"column":13}},"loc":{"start":{"line":39,"column":4},"end":{"line":39,"column":60}},"line":39},"2":{"name":"(anonymous_2)","decl":{"start":{"line":43,"column":21},"end":{"line":43,"column":22}},"loc":{"start":{"line":43,"column":41},"end":{"line":43,"column":61}},"line":43},"3":{"name":"(anonymous_3)","decl":{"start":{"line":76,"column":22},"end":{"line":76,"column":23}},"loc":{"start":{"line":76,"column":37},"end":{"line":76,"column":57}},"line":76},"4":{"name":"(anonymous_4)","decl":{"start":{"line":81,"column":21},"end":{"line":81,"column":22}},"loc":{"start":{"line":81,"column":41},"end":{"line":81,"column":61}},"line":81},"5":{"name":"(anonymous_5)","decl":{"start":{"line":85,"column":24},"end":{"line":85,"column":25}},"loc":{"start":{"line":85,"column":39},"end":{"line":85,"column":64}},"line":85}},"branchMap":{"0":{"loc":{"start":{"line":12,"column":2},"end":{"line":18,"column":3}},"type":"default-arg","locations":[{"start":{"line":12,"column":12},"end":{"line":18,"column":3}}],"line":12},"1":{"loc":{"start":{"line":19,"column":2},"end":{"line":19,"column":19}},"type":"default-arg","locations":[{"start":{"line":19,"column":14},"end":{"line":19,"column":19}}],"line":19},"2":{"loc":{"start":{"line":39,"column":4},"end":{"line":39,"column":60}},"type":"cond-expr","locations":[{"start":{"line":39,"column":16},"end":{"line":39,"column":51}},{"start":{"line":39,"column":54},"end":{"line":39,"column":60}}],"line":39},"3":{"loc":{"start":{"line":43,"column":41},"end":{"line":43,"column":61}},"type":"cond-expr","locations":[{"start":{"line":43,"column":53},"end":{"line":43,"column":57}},{"start":{"line":43,"column":60},"end":{"line":43,"column":61}}],"line":43},"4":{"loc":{"start":{"line":81,"column":41},"end":{"line":81,"column":61}},"type":"cond-expr","locations":[{"start":{"line":81,"column":53},"end":{"line":81,"column":57}},{"start":{"line":81,"column":60},"end":{"line":81,"column":61}}],"line":81}},"s":{"0":1,"1":4,"2":1,"3":4,"4":4,"5":1,"6":1,"7":1,"8":1,"9":1,"10":4,"11":4,"12":4},"f":{"0":4,"1":4,"2":4,"3":4,"4":4,"5":4},"b":{"0":[2],"1":[4],"2":[0,4],"3":[0,4],"4":[0,4]},"_coverageSchema":"1a1c01bbd47fc00a2c39e90264f33305004495a9","hash":"ef50e15b31ead05c5ea35f75af1bdf85d93068bc"}
,"/var/www/html/ctvapp/src/components/Settings/DeviceSection.tsx": {"path":"/var/www/html/ctvapp/src/components/Settings/DeviceSection.tsx","statementMap":{"0":{"start":{"line":12,"column":52},"end":{"line":51,"column":1}},"1":{"start":{"line":18,"column":2},"end":{"line":50,"column":4}},"2":{"start":{"line":23,"column":10},"end":{"line":46,"column":23}},"3":{"start":{"line":31,"column":31},"end":{"line":31,"column":56}},"4":{"start":{"line":38,"column":34},"end":{"line":38,"column":79}},"5":{"start":{"line":39,"column":18},"end":{"line":39,"column":66}},"6":{"start":{"line":39,"column":31},"end":{"line":39,"column":66}},"7":{"start":{"line":53,"column":16},"end":{"line":55,"column":1}},"8":{"start":{"line":57,"column":14},"end":{"line":61,"column":1}},"9":{"start":{"line":58,"column":26},"end":{"line":58,"column":43}},"10":{"start":{"line":63,"column":19},"end":{"line":67,"column":1}},"11":{"start":{"line":69,"column":19},"end":{"line":80,"column":1}},"12":{"start":{"line":74,"column":31},"end":{"line":74,"column":58}},"13":{"start":{"line":76,"column":41},"end":{"line":76,"column":61}},"14":{"start":{"line":78,"column":4},"end":{"line":78,"column":60}},"15":{"start":{"line":82,"column":19},"end":{"line":82,"column":31}},"16":{"start":{"line":84,"column":19},"end":{"line":87,"column":1}},"17":{"start":{"line":85,"column":26},"end":{"line":85,"column":43}},"18":{"start":{"line":89,"column":19},"end":{"line":92,"column":1}},"19":{"start":{"line":90,"column":26},"end":{"line":90,"column":52}},"20":{"start":{"line":94,"column":19},"end":{"line":97,"column":1}},"21":{"start":{"line":95,"column":26},"end":{"line":95,"column":52}},"22":{"start":{"line":99,"column":16},"end":{"line":102,"column":1}},"23":{"start":{"line":104,"column":21},"end":{"line":117,"column":1}},"24":{"start":{"line":106,"column":31},"end":{"line":106,"column":60}},"25":{"start":{"line":107,"column":26},"end":{"line":107,"column":49}},"26":{"start":{"line":111,"column":41},"end":{"line":111,"column":61}},"27":{"start":{"line":115,"column":33},"end":{"line":115,"column":58}}},"fnMap":{"0":{"name":"(anonymous_0)","decl":{"start":{"line":12,"column":52},"end":{"line":12,"column":53}},"loc":{"start":{"line":17,"column":6},"end":{"line":51,"column":1}},"line":17},"1":{"name":"(anonymous_1)","decl":{"start":{"line":22,"column":21},"end":{"line":22,"column":22}},"loc":{"start":{"line":23,"column":10},"end":{"line":46,"column":23}},"line":23},"2":{"name":"(anonymous_2)","decl":{"start":{"line":31,"column":25},"end":{"line":31,"column":26}},"loc":{"start":{"line":31,"column":31},"end":{"line":31,"column":56}},"line":31},"3":{"name":"(anonymous_3)","decl":{"start":{"line":37,"column":25},"end":{"line":37,"column":26}},"loc":{"start":{"line":37,"column":31},"end":{"line":40,"column":17}},"line":37},"4":{"name":"(anonymous_4)","decl":{"start":{"line":58,"column":11},"end":{"line":58,"column":12}},"loc":{"start":{"line":58,"column":26},"end":{"line":58,"column":43}},"line":58},"5":{"name":"(anonymous_5)","decl":{"start":{"line":74,"column":16},"end":{"line":74,"column":17}},"loc":{"start":{"line":74,"column":31},"end":{"line":74,"column":58}},"line":74},"6":{"name":"(anonymous_6)","decl":{"start":{"line":76,"column":21},"end":{"line":76,"column":22}},"loc":{"start":{"line":76,"column":41},"end":{"line":76,"column":61}},"line":76},"7":{"name":"(anonymous_7)","decl":{"start":{"line":77,"column":12},"end":{"line":77,"column":13}},"loc":{"start":{"line":78,"column":4},"end":{"line":78,"column":60}},"line":78},"8":{"name":"(anonymous_8)","decl":{"start":{"line":85,"column":11},"end":{"line":85,"column":12}},"loc":{"start":{"line":85,"column":26},"end":{"line":85,"column":43}},"line":85},"9":{"name":"(anonymous_9)","decl":{"start":{"line":90,"column":11},"end":{"line":90,"column":12}},"loc":{"start":{"line":90,"column":26},"end":{"line":90,"column":52}},"line":90},"10":{"name":"(anonymous_10)","decl":{"start":{"line":95,"column":11},"end":{"line":95,"column":12}},"loc":{"start":{"line":95,"column":26},"end":{"line":95,"column":52}},"line":95},"11":{"name":"(anonymous_11)","decl":{"start":{"line":106,"column":16},"end":{"line":106,"column":17}},"loc":{"start":{"line":106,"column":31},"end":{"line":106,"column":60}},"line":106},"12":{"name":"(anonymous_12)","decl":{"start":{"line":107,"column":11},"end":{"line":107,"column":12}},"loc":{"start":{"line":107,"column":26},"end":{"line":107,"column":49}},"line":107},"13":{"name":"(anonymous_13)","decl":{"start":{"line":111,"column":21},"end":{"line":111,"column":22}},"loc":{"start":{"line":111,"column":41},"end":{"line":111,"column":61}},"line":111},"14":{"name":"(anonymous_14)","decl":{"start":{"line":115,"column":18},"end":{"line":115,"column":19}},"loc":{"start":{"line":115,"column":33},"end":{"line":115,"column":58}},"line":115}},"branchMap":{"0":{"loc":{"start":{"line":39,"column":18},"end":{"line":39,"column":66}},"type":"if","locations":[{"start":{"line":39,"column":18},"end":{"line":39,"column":66}},{"start":{},"end":{}}],"line":39},"1":{"loc":{"start":{"line":76,"column":41},"end":{"line":76,"column":61}},"type":"cond-expr","locations":[{"start":{"line":76,"column":53},"end":{"line":76,"column":57}},{"start":{"line":76,"column":60},"end":{"line":76,"column":61}}],"line":76},"2":{"loc":{"start":{"line":78,"column":4},"end":{"line":78,"column":60}},"type":"cond-expr","locations":[{"start":{"line":78,"column":16},"end":{"line":78,"column":51}},{"start":{"line":78,"column":54},"end":{"line":78,"column":60}}],"line":78},"3":{"loc":{"start":{"line":111,"column":41},"end":{"line":111,"column":61}},"type":"cond-expr","locations":[{"start":{"line":111,"column":53},"end":{"line":111,"column":57}},{"start":{"line":111,"column":60},"end":{"line":111,"column":61}}],"line":111}},"s":{"0":1,"1":2,"2":4,"3":1,"4":0,"5":0,"6":0,"7":1,"8":1,"9":2,"10":1,"11":1,"12":4,"13":4,"14":4,"15":1,"16":1,"17":4,"18":1,"19":4,"20":1,"21":4,"22":1,"23":1,"24":8,"25":8,"26":8,"27":8},"f":{"0":2,"1":4,"2":1,"3":0,"4":2,"5":4,"6":4,"7":4,"8":4,"9":4,"10":4,"11":8,"12":8,"13":8,"14":8},"b":{"0":[0,0],"1":[1,3],"2":[1,3],"3":[2,6]},"_coverageSchema":"1a1c01bbd47fc00a2c39e90264f33305004495a9","hash":"910038afe95ba7e840c5bc442274777252cca3bd"}
,"/var/www/html/ctvapp/src/components/Settings/ProfileSection.tsx": {"path":"/var/www/html/ctvapp/src/components/Settings/ProfileSection.tsx","statementMap":{"0":{"start":{"line":13,"column":54},"end":{"line":55,"column":1}},"1":{"start":{"line":20,"column":28},"end":{"line":25,"column":3}},"2":{"start":{"line":21,"column":20},"end":{"line":21,"column":67}},"3":{"start":{"line":22,"column":4},"end":{"line":24,"column":5}},"4":{"start":{"line":23,"column":6},"end":{"line":23,"column":53}},"5":{"start":{"line":27,"column":2},"end":{"line":54,"column":4}},"6":{"start":{"line":34,"column":37},"end":{"line":34,"column":70}},"7":{"start":{"line":41,"column":29},"end":{"line":41,"column":61}},"8":{"start":{"line":43,"column":12},"end":{"line":50,"column":26}},"9":{"start":{"line":46,"column":29},"end":{"line":46,"column":56}},"10":{"start":{"line":57,"column":16},"end":{"line":59,"column":1}},"11":{"start":{"line":61,"column":14},"end":{"line":65,"column":1}},"12":{"start":{"line":62,"column":26},"end":{"line":62,"column":43}},"13":{"start":{"line":67,"column":23},"end":{"line":79,"column":1}},"14":{"start":{"line":72,"column":31},"end":{"line":72,"column":58}},"15":{"start":{"line":75,"column":41},"end":{"line":75,"column":61}},"16":{"start":{"line":77,"column":4},"end":{"line":77,"column":60}},"17":{"start":{"line":81,"column":21},"end":{"line":86,"column":1}},"18":{"start":{"line":88,"column":20},"end":{"line":90,"column":1}},"19":{"start":{"line":92,"column":20},"end":{"line":96,"column":1}},"20":{"start":{"line":93,"column":26},"end":{"line":93,"column":43}},"21":{"start":{"line":98,"column":19},"end":{"line":110,"column":1}},"22":{"start":{"line":100,"column":31},"end":{"line":100,"column":60}},"23":{"start":{"line":101,"column":26},"end":{"line":101,"column":49}},"24":{"start":{"line":108,"column":33},"end":{"line":108,"column":58}},"25":{"start":{"line":112,"column":22},"end":{"line":116,"column":1}},"26":{"start":{"line":118,"column":20},"end":{"line":135,"column":1}},"27":{"start":{"line":124,"column":31},"end":{"line":124,"column":58}},"28":{"start":{"line":127,"column":41},"end":{"line":127,"column":61}},"29":{"start":{"line":129,"column":4},"end":{"line":129,"column":60}},"30":{"start":{"line":133,"column":33},"end":{"line":133,"column":58}},"31":{"start":{"line":137,"column":26},"end":{"line":142,"column":1}},"32":{"start":{"line":144,"column":25},"end":{"line":148,"column":1}},"33":{"start":{"line":145,"column":26},"end":{"line":145,"column":43}}},"fnMap":{"0":{"name":"(anonymous_0)","decl":{"start":{"line":13,"column":54},"end":{"line":13,"column":55}},"loc":{"start":{"line":19,"column":6},"end":{"line":55,"column":1}},"line":19},"1":{"name":"(anonymous_1)","decl":{"start":{"line":20,"column":28},"end":{"line":20,"column":29}},"loc":{"start":{"line":20,"column":50},"end":{"line":25,"column":3}},"line":20},"2":{"name":"(anonymous_2)","decl":{"start":{"line":34,"column":31},"end":{"line":34,"column":32}},"loc":{"start":{"line":34,"column":37},"end":{"line":34,"column":70}},"line":34},"3":{"name":"(anonymous_3)","decl":{"start":{"line":41,"column":18},"end":{"line":41,"column":19}},"loc":{"start":{"line":41,"column":29},"end":{"line":41,"column":61}},"line":41},"4":{"name":"(anonymous_4)","decl":{"start":{"line":42,"column":15},"end":{"line":42,"column":16}},"loc":{"start":{"line":43,"column":12},"end":{"line":50,"column":26}},"line":43},"5":{"name":"(anonymous_5)","decl":{"start":{"line":46,"column":23},"end":{"line":46,"column":24}},"loc":{"start":{"line":46,"column":29},"end":{"line":46,"column":56}},"line":46},"6":{"name":"(anonymous_6)","decl":{"start":{"line":62,"column":11},"end":{"line":62,"column":12}},"loc":{"start":{"line":62,"column":26},"end":{"line":62,"column":43}},"line":62},"7":{"name":"(anonymous_7)","decl":{"start":{"line":72,"column":16},"end":{"line":72,"column":17}},"loc":{"start":{"line":72,"column":31},"end":{"line":72,"column":58}},"line":72},"8":{"name":"(anonymous_8)","decl":{"start":{"line":75,"column":21},"end":{"line":75,"column":22}},"loc":{"start":{"line":75,"column":41},"end":{"line":75,"column":61}},"line":75},"9":{"name":"(anonymous_9)","decl":{"start":{"line":76,"column":12},"end":{"line":76,"column":13}},"loc":{"start":{"line":77,"column":4},"end":{"line":77,"column":60}},"line":77},"10":{"name":"(anonymous_10)","decl":{"start":{"line":93,"column":11},"end":{"line":93,"column":12}},"loc":{"start":{"line":93,"column":26},"end":{"line":93,"column":43}},"line":93},"11":{"name":"(anonymous_11)","decl":{"start":{"line":100,"column":16},"end":{"line":100,"column":17}},"loc":{"start":{"line":100,"column":31},"end":{"line":100,"column":60}},"line":100},"12":{"name":"(anonymous_12)","decl":{"start":{"line":101,"column":11},"end":{"line":101,"column":12}},"loc":{"start":{"line":101,"column":26},"end":{"line":101,"column":49}},"line":101},"13":{"name":"(anonymous_13)","decl":{"start":{"line":108,"column":18},"end":{"line":108,"column":19}},"loc":{"start":{"line":108,"column":33},"end":{"line":108,"column":58}},"line":108},"14":{"name":"(anonymous_14)","decl":{"start":{"line":124,"column":16},"end":{"line":124,"column":17}},"loc":{"start":{"line":124,"column":31},"end":{"line":124,"column":58}},"line":124},"15":{"name":"(anonymous_15)","decl":{"start":{"line":127,"column":21},"end":{"line":127,"column":22}},"loc":{"start":{"line":127,"column":41},"end":{"line":127,"column":61}},"line":127},"16":{"name":"(anonymous_16)","decl":{"start":{"line":128,"column":12},"end":{"line":128,"column":13}},"loc":{"start":{"line":129,"column":4},"end":{"line":129,"column":60}},"line":129},"17":{"name":"(anonymous_17)","decl":{"start":{"line":133,"column":18},"end":{"line":133,"column":19}},"loc":{"start":{"line":133,"column":33},"end":{"line":133,"column":58}},"line":133},"18":{"name":"(anonymous_18)","decl":{"start":{"line":145,"column":11},"end":{"line":145,"column":12}},"loc":{"start":{"line":145,"column":26},"end":{"line":145,"column":43}},"line":145}},"branchMap":{"0":{"loc":{"start":{"line":22,"column":4},"end":{"line":24,"column":5}},"type":"if","locations":[{"start":{"line":22,"column":4},"end":{"line":24,"column":5}},{"start":{},"end":{}}],"line":22},"1":{"loc":{"start":{"line":31,"column":27},"end":{"line":31,"column":75}},"type":"binary-expr","locations":[{"start":{"line":31,"column":27},"end":{"line":31,"column":50}},{"start":{"line":31,"column":54},"end":{"line":31,"column":75}}],"line":31},"2":{"loc":{"start":{"line":48,"column":38},"end":{"line":48,"column":79}},"type":"binary-expr","locations":[{"start":{"line":48,"column":38},"end":{"line":48,"column":54}},{"start":{"line":48,"column":58},"end":{"line":48,"column":79}}],"line":48},"3":{"loc":{"start":{"line":75,"column":41},"end":{"line":75,"column":61}},"type":"cond-expr","locations":[{"start":{"line":75,"column":53},"end":{"line":75,"column":57}},{"start":{"line":75,"column":60},"end":{"line":75,"column":61}}],"line":75},"4":{"loc":{"start":{"line":77,"column":4},"end":{"line":77,"column":60}},"type":"cond-expr","locations":[{"start":{"line":77,"column":16},"end":{"line":77,"column":51}},{"start":{"line":77,"column":54},"end":{"line":77,"column":60}}],"line":77},"5":{"loc":{"start":{"line":127,"column":41},"end":{"line":127,"column":61}},"type":"cond-expr","locations":[{"start":{"line":127,"column":53},"end":{"line":127,"column":57}},{"start":{"line":127,"column":60},"end":{"line":127,"column":61}}],"line":127},"6":{"loc":{"start":{"line":129,"column":4},"end":{"line":129,"column":60}},"type":"cond-expr","locations":[{"start":{"line":129,"column":16},"end":{"line":129,"column":51}},{"start":{"line":129,"column":54},"end":{"line":129,"column":60}}],"line":129}},"s":{"0":1,"1":2,"2":0,"3":0,"4":0,"5":2,"6":0,"7":6,"8":4,"9":1,"10":1,"11":1,"12":2,"13":1,"14":2,"15":2,"16":2,"17":1,"18":1,"19":1,"20":2,"21":1,"22":2,"23":2,"24":2,"25":1,"26":1,"27":4,"28":4,"29":4,"30":4,"31":1,"32":1,"33":4},"f":{"0":2,"1":0,"2":0,"3":6,"4":4,"5":1,"6":2,"7":2,"8":2,"9":2,"10":2,"11":2,"12":2,"13":2,"14":4,"15":4,"16":4,"17":4,"18":4},"b":{"0":[0,0],"1":[2,0],"2":[4,0],"3":[0,2],"4":[0,2],"5":[1,3],"6":[1,3]},"_coverageSchema":"1a1c01bbd47fc00a2c39e90264f33305004495a9","hash":"cbd16a9edafa15ec4b87c1d3b08acda4d41e00ad"}
,"/var/www/html/ctvapp/src/styles/theme.js": {"path":"/var/www/html/ctvapp/src/styles/theme.js","statementMap":{"0":{"start":{"line":1,"column":21},"end":{"line":45,"column":1}}},"fnMap":{},"branchMap":{},"s":{"0":3},"f":{},"b":{},"_coverageSchema":"1a1c01bbd47fc00a2c39e90264f33305004495a9","hash":"a46e8fcb1bd624b36ac20dc69c35367d84760fbf"}
,"/var/www/html/ctvapp/src/types/index.ts": {"path":"/var/www/html/ctvapp/src/types/index.ts","statementMap":{},"fnMap":{},"branchMap":{},"s":{},"f":{},"b":{}}
}
