TN:
SF:src/components/HeroBanner/index.tsx
FN:11,(anonymous_0)
FN:38,(anonymous_1)
FN:43,(anonymous_2)
FN:76,(anonymous_3)
FN:81,(anonymous_4)
FN:85,(anonymous_5)
FNF:6
FNH:6
FNDA:4,(anonymous_0)
FNDA:4,(anonymous_1)
FNDA:4,(anonymous_2)
FNDA:4,(anonymous_3)
FNDA:4,(anonymous_4)
FNDA:4,(anonymous_5)
DA:11,1
DA:21,4
DA:33,1
DA:39,4
DA:43,4
DA:46,1
DA:52,1
DA:62,1
DA:67,1
DA:73,1
DA:76,4
DA:81,4
DA:85,4
LF:13
LH:13
BRDA:12,0,0,2
BRDA:19,1,0,4
BRDA:39,2,0,0
BRDA:39,2,1,4
BRDA:43,3,0,0
BRDA:43,3,1,4
BRDA:81,4,0,0
BRDA:81,4,1,4
BRF:8
BRH:5
end_of_record
TN:
SF:src/components/Settings/DeviceSection.tsx
FN:12,(anonymous_0)
FN:22,(anonymous_1)
FN:31,(anonymous_2)
FN:37,(anonymous_3)
FN:58,(anonymous_4)
FN:74,(anonymous_5)
FN:76,(anonymous_6)
FN:77,(anonymous_7)
FN:85,(anonymous_8)
FN:90,(anonymous_9)
FN:95,(anonymous_10)
FN:106,(anonymous_11)
FN:107,(anonymous_12)
FN:111,(anonymous_13)
FN:115,(anonymous_14)
FNF:15
FNH:14
FNDA:2,(anonymous_0)
FNDA:4,(anonymous_1)
FNDA:1,(anonymous_2)
FNDA:0,(anonymous_3)
FNDA:2,(anonymous_4)
FNDA:4,(anonymous_5)
FNDA:4,(anonymous_6)
FNDA:4,(anonymous_7)
FNDA:4,(anonymous_8)
FNDA:4,(anonymous_9)
FNDA:4,(anonymous_10)
FNDA:8,(anonymous_11)
FNDA:8,(anonymous_12)
FNDA:8,(anonymous_13)
FNDA:8,(anonymous_14)
DA:12,1
DA:18,2
DA:23,4
DA:31,1
DA:38,0
DA:39,0
DA:53,1
DA:57,1
DA:58,2
DA:63,1
DA:69,1
DA:74,4
DA:76,4
DA:78,4
DA:82,1
DA:84,1
DA:85,4
DA:89,1
DA:90,4
DA:94,1
DA:95,4
DA:99,1
DA:104,1
DA:106,8
DA:107,8
DA:111,8
DA:115,8
LF:27
LH:25
BRDA:39,0,0,0
BRDA:39,0,1,0
BRDA:76,1,0,1
BRDA:76,1,1,3
BRDA:78,2,0,1
BRDA:78,2,1,3
BRDA:111,3,0,2
BRDA:111,3,1,6
BRF:8
BRH:6
end_of_record
TN:
SF:src/components/Settings/ProfileSection.tsx
FN:13,(anonymous_0)
FN:20,(anonymous_1)
FN:34,(anonymous_2)
FN:41,(anonymous_3)
FN:42,(anonymous_4)
FN:46,(anonymous_5)
FN:62,(anonymous_6)
FN:72,(anonymous_7)
FN:75,(anonymous_8)
FN:76,(anonymous_9)
FN:93,(anonymous_10)
FN:100,(anonymous_11)
FN:101,(anonymous_12)
FN:108,(anonymous_13)
FN:124,(anonymous_14)
FN:127,(anonymous_15)
FN:128,(anonymous_16)
FN:133,(anonymous_17)
FN:145,(anonymous_18)
FNF:19
FNH:17
FNDA:2,(anonymous_0)
FNDA:0,(anonymous_1)
FNDA:0,(anonymous_2)
FNDA:6,(anonymous_3)
FNDA:4,(anonymous_4)
FNDA:1,(anonymous_5)
FNDA:2,(anonymous_6)
FNDA:2,(anonymous_7)
FNDA:2,(anonymous_8)
FNDA:2,(anonymous_9)
FNDA:2,(anonymous_10)
FNDA:2,(anonymous_11)
FNDA:2,(anonymous_12)
FNDA:2,(anonymous_13)
FNDA:4,(anonymous_14)
FNDA:4,(anonymous_15)
FNDA:4,(anonymous_16)
FNDA:4,(anonymous_17)
FNDA:4,(anonymous_18)
DA:13,1
DA:20,2
DA:21,0
DA:22,0
DA:23,0
DA:27,2
DA:34,0
DA:41,6
DA:43,4
DA:46,1
DA:57,1
DA:61,1
DA:62,2
DA:67,1
DA:72,2
DA:75,2
DA:77,2
DA:81,1
DA:88,1
DA:92,1
DA:93,2
DA:98,1
DA:100,2
DA:101,2
DA:108,2
DA:112,1
DA:118,1
DA:124,4
DA:127,4
DA:129,4
DA:133,4
DA:137,1
DA:144,1
DA:145,4
LF:34
LH:30
BRDA:22,0,0,0
BRDA:22,0,1,0
BRDA:31,1,0,2
BRDA:31,1,1,0
BRDA:48,2,0,4
BRDA:48,2,1,0
BRDA:75,3,0,0
BRDA:75,3,1,2
BRDA:77,4,0,0
BRDA:77,4,1,2
BRDA:127,5,0,1
BRDA:127,5,1,3
BRDA:129,6,0,1
BRDA:129,6,1,3
BRF:14
BRH:8
end_of_record
TN:
SF:src/styles/theme.js
FNF:0
FNH:0
DA:1,3
LF:1
LH:1
BRF:0
BRH:0
end_of_record
TN:
SF:src/types/index.ts
FNF:0
FNH:0
LF:0
LH:0
BRF:0
BRH:0
end_of_record
